<?xml version="1.0" encoding="UTF-8"?>
<testng-results skipped="0" failed="0" total="4" passed="4">
  <reporter-output>
  </reporter-output>
  <suite name="Default suite" duration-ms="54386" started-at="2016-09-27T01:07:25Z" finished-at="2016-09-27T01:08:20Z">
    <groups>
    </groups>
    <test name="Default test" duration-ms="54386" started-at="2016-09-27T01:07:25Z" finished-at="2016-09-27T01:08:20Z">
      <class name="com.v.m.sb.ntltestcases.HomePageTest">
        <test-method status="PASS" signature="setup()[pri:0, instance:com.v.m.sb.ntltestcases.HomePageTest@48026592]" name="setup" is-config="true" duration-ms="8051" started-at="2016-09-27T06:37:25Z" finished-at="2016-09-27T06:37:33Z">
          <reporter-output>
          </reporter-output>
        </test-method> <!-- setup -->
        <test-method status="PASS" signature="validateHomepage(java.lang.String, java.lang.String, java.lang.String, java.lang.String, java.lang.String, java.lang.String)[pri:0, instance:com.v.m.sb.ntltestcases.HomePageTest@48026592]" name="validateHomepage" duration-ms="14941" started-at="2016-09-27T06:37:34Z" data-provider="HomePageTest" finished-at="2016-09-27T06:37:49Z">
          <params>
            <param index="0">
              <value>
                <![CDATA[HomePageTest_DataSet2]]>
              </value>
            </param>
            <param index="1">
              <value>
                <![CDATA[vinoth]]>
              </value>
            </param>
            <param index="2">
              <value>
                <![CDATA[9898989898]]>
              </value>
            </param>
            <param index="3">
              <value>
                <![CDATA[adyar]]>
              </value>
            </param>
            <param index="4">
              <value>
                <![CDATA[adyar]]>
              </value>
            </param>
            <param index="5">
              <value>
                <![CDATA[Sedan]]>
              </value>
            </param>
          </params>
          <reporter-output>
          </reporter-output>
        </test-method> <!-- validateHomepage -->
        <test-method status="PASS" signature="validateHomepage(java.lang.String, java.lang.String, java.lang.String, java.lang.String, java.lang.String, java.lang.String)[pri:0, instance:com.v.m.sb.ntltestcases.HomePageTest@48026592]" name="validateHomepage" duration-ms="12078" started-at="2016-09-27T06:37:49Z" data-provider="HomePageTest" finished-at="2016-09-27T06:38:02Z">
          <params>
            <param index="0">
              <value>
                <![CDATA[HomePageTest_DataSet3]]>
              </value>
            </param>
            <param index="1">
              <value>
                <![CDATA[kumar]]>
              </value>
            </param>
            <param index="2">
              <value>
                <![CDATA[1234567890]]>
              </value>
            </param>
            <param index="3">
              <value>
                <![CDATA[adyar]]>
              </value>
            </param>
            <param index="4">
              <value>
                <![CDATA[adyar]]>
              </value>
            </param>
            <param index="5">
              <value>
                <![CDATA[Sedan]]>
              </value>
            </param>
          </params>
          <reporter-output>
          </reporter-output>
        </test-method> <!-- validateHomepage -->
        <test-method status="PASS" signature="validateHomepage(java.lang.String, java.lang.String, java.lang.String, java.lang.String, java.lang.String, java.lang.String)[pri:0, instance:com.v.m.sb.ntltestcases.HomePageTest@48026592]" name="validateHomepage" duration-ms="8876" started-at="2016-09-27T06:38:02Z" data-provider="HomePageTest" finished-at="2016-09-27T06:38:10Z">
          <params>
            <param index="0">
              <value>
                <![CDATA[HomePageTest_DataSet4]]>
              </value>
            </param>
            <param index="1">
              <value>
                <![CDATA[sunil]]>
              </value>
            </param>
            <param index="2">
              <value>
                <![CDATA[9876543210]]>
              </value>
            </param>
            <param index="3">
              <value>
                <![CDATA[adyar]]>
              </value>
            </param>
            <param index="4">
              <value>
                <![CDATA[adyar]]>
              </value>
            </param>
            <param index="5">
              <value>
                <![CDATA[Sedan]]>
              </value>
            </param>
          </params>
          <reporter-output>
          </reporter-output>
        </test-method> <!-- validateHomepage -->
        <test-method status="PASS" signature="validateHomepage(java.lang.String, java.lang.String, java.lang.String, java.lang.String, java.lang.String, java.lang.String)[pri:0, instance:com.v.m.sb.ntltestcases.HomePageTest@48026592]" name="validateHomepage" duration-ms="9246" started-at="2016-09-27T06:38:10Z" data-provider="HomePageTest" finished-at="2016-09-27T06:38:20Z">
          <params>
            <param index="0">
              <value>
                <![CDATA[HomePageTest_DataSet5]]>
              </value>
            </param>
            <param index="1">
              <value>
                <![CDATA[hakkim]]>
              </value>
            </param>
            <param index="2">
              <value>
                <![CDATA[6789054321]]>
              </value>
            </param>
            <param index="3">
              <value>
                <![CDATA[adyar]]>
              </value>
            </param>
            <param index="4">
              <value>
                <![CDATA[adyar]]>
              </value>
            </param>
            <param index="5">
              <value>
                <![CDATA[Sedan]]>
              </value>
            </param>
          </params>
          <reporter-output>
          </reporter-output>
        </test-method> <!-- validateHomepage -->
      </class> <!-- com.v.m.sb.ntltestcases.HomePageTest -->
    </test> <!-- Default test -->
  </suite> <!-- Default suite -->
</testng-results>
